<?xml version="1.0" encoding="UTF-8"?>
<coverage generated="1633075902706" clover="3.2.0">
  <project timestamp="1633075902706" name="All files">
    <metrics statements="37" coveredstatements="9" conditionals="8" coveredconditionals="0" methods="21" coveredmethods="7" elements="66" coveredelements="16" complexity="0" loc="37" ncloc="37" packages="2" files="2" classes="2"/>
    <package name="Set">
      <metrics statements="30" coveredstatements="2" conditionals="8" coveredconditionals="0" methods="15" coveredmethods="1"/>
      <file name="Set.ts" path="/home/ratnick/Projects/mow/data-structures/Set/Set.ts">
        <metrics statements="30" coveredstatements="2" conditionals="8" coveredconditionals="0" methods="15" coveredmethods="1"/>
        <line num="13" count="1" type="stmt"/>
        <line num="14" count="1" type="stmt"/>
        <line num="17" count="0" type="stmt"/>
        <line num="21" count="0" type="stmt"/>
        <line num="25" count="0" type="stmt"/>
        <line num="26" count="0" type="cond" truecount="0" falsecount="2"/>
        <line num="27" count="0" type="stmt"/>
        <line num="29" count="0" type="stmt"/>
        <line num="30" count="0" type="stmt"/>
        <line num="34" count="0" type="cond" truecount="0" falsecount="2"/>
        <line num="35" count="0" type="stmt"/>
        <line num="36" count="0" type="stmt"/>
        <line num="37" count="0" type="stmt"/>
        <line num="39" count="0" type="stmt"/>
        <line num="43" count="0" type="stmt"/>
        <line num="47" count="0" type="stmt"/>
        <line num="48" count="0" type="stmt"/>
        <line num="49" count="0" type="stmt"/>
        <line num="51" count="0" type="stmt"/>
        <line num="52" count="0" type="stmt"/>
        <line num="54" count="0" type="stmt"/>
        <line num="58" count="0" type="stmt"/>
        <line num="59" count="0" type="stmt"/>
        <line num="60" count="0" type="cond" truecount="0" falsecount="2"/>
        <line num="62" count="0" type="stmt"/>
        <line num="66" count="0" type="stmt"/>
        <line num="67" count="0" type="stmt"/>
        <line num="68" count="0" type="cond" truecount="0" falsecount="2"/>
        <line num="70" count="0" type="stmt"/>
        <line num="74" count="0" type="stmt"/>
      </file>
    </package>
    <package name="Stack">
      <metrics statements="7" coveredstatements="7" conditionals="0" coveredconditionals="0" methods="6" coveredmethods="6"/>
      <file name="Stack.ts" path="/home/ratnick/Projects/mow/data-structures/Stack/Stack.ts">
        <metrics statements="7" coveredstatements="7" conditionals="0" coveredconditionals="0" methods="6" coveredmethods="6"/>
        <line num="9" count="1" type="stmt"/>
        <line num="10" count="5" type="stmt"/>
        <line num="13" count="9" type="stmt"/>
        <line num="17" count="5" type="stmt"/>
        <line num="21" count="8" type="stmt"/>
        <line num="25" count="3" type="stmt"/>
        <line num="29" count="3" type="stmt"/>
      </file>
    </package>
  </project>
</coverage>
