{"/home/ratnick/Projects/mow/data-structures/Set/Set.ts": {"path":"/home/ratnick/Projects/mow/data-structures/Set/Set.ts","statementMap":{"0":{"start":{"line":14,"column":10},"end":{"line":14,"column":null}},"1":{"start":{"line":17,"column":4},"end":{"line":17,"column":null}},"2":{"start":{"line":21,"column":4},"end":{"line":21,"column":null}},"3":{"start":{"line":25,"column":25},"end":{"line":25,"column":37}},"4":{"start":{"line":26,"column":4},"end":{"line":28,"column":null}},"5":{"start":{"line":27,"column":6},"end":{"line":27,"column":null}},"6":{"start":{"line":29,"column":4},"end":{"line":29,"column":null}},"7":{"start":{"line":30,"column":4},"end":{"line":30,"column":null}},"8":{"start":{"line":34,"column":4},"end":{"line":38,"column":null}},"9":{"start":{"line":35,"column":20},"end":{"line":35,"column":47}},"10":{"start":{"line":36,"column":6},"end":{"line":36,"column":null}},"11":{"start":{"line":37,"column":6},"end":{"line":37,"column":null}},"12":{"start":{"line":39,"column":4},"end":{"line":39,"column":null}},"13":{"start":{"line":43,"column":4},"end":{"line":43,"column":null}},"14":{"start":{"line":47,"column":21},"end":{"line":47,"column":34}},"15":{"start":{"line":48,"column":4},"end":{"line":50,"column":null}},"16":{"start":{"line":49,"column":6},"end":{"line":49,"column":null}},"17":{"start":{"line":51,"column":4},"end":{"line":53,"column":null}},"18":{"start":{"line":52,"column":6},"end":{"line":52,"column":null}},"19":{"start":{"line":54,"column":4},"end":{"line":54,"column":null}},"20":{"start":{"line":58,"column":28},"end":{"line":58,"column":41}},"21":{"start":{"line":59,"column":4},"end":{"line":61,"column":null}},"22":{"start":{"line":60,"column":6},"end":{"line":60,"column":null}},"23":{"start":{"line":60,"column":28},"end":{"line":60,"column":null}},"24":{"start":{"line":62,"column":4},"end":{"line":62,"column":null}},"25":{"start":{"line":66,"column":26},"end":{"line":66,"column":39}},"26":{"start":{"line":67,"column":4},"end":{"line":69,"column":null}},"27":{"start":{"line":68,"column":6},"end":{"line":68,"column":null}},"28":{"start":{"line":68,"column":29},"end":{"line":68,"column":null}},"29":{"start":{"line":70,"column":4},"end":{"line":70,"column":null}},"30":{"start":{"line":74,"column":4},"end":{"line":74,"column":null}},"31":{"start":{"line":74,"column":37},"end":{"line":74,"column":53}},"32":{"start":{"line":13,"column":0},"end":{"line":13,"column":13}}},"fnMap":{"0":{"name":"(anonymous_0)","decl":{"start":{"line":13,"column":0},"end":{"line":13,"column":13}},"loc":{"start":{"line":13,"column":0},"end":{"line":76,"column":1}}},"1":{"name":"(anonymous_1)","decl":{"start":{"line":16,"column":9},"end":{"line":16,"column":12}},"loc":{"start":{"line":16,"column":18},"end":{"line":18,"column":3}}},"2":{"name":"(anonymous_2)","decl":{"start":{"line":20,"column":9},"end":{"line":20,"column":15}},"loc":{"start":{"line":20,"column":15},"end":{"line":22,"column":3}}},"3":{"name":"(anonymous_3)","decl":{"start":{"line":24,"column":9},"end":{"line":24,"column":12}},"loc":{"start":{"line":24,"column":18},"end":{"line":31,"column":3}}},"4":{"name":"(anonymous_4)","decl":{"start":{"line":33,"column":9},"end":{"line":33,"column":15}},"loc":{"start":{"line":33,"column":21},"end":{"line":40,"column":3}}},"5":{"name":"(anonymous_5)","decl":{"start":{"line":42,"column":9},"end":{"line":42,"column":13}},"loc":{"start":{"line":42,"column":13},"end":{"line":44,"column":3}}},"6":{"name":"(anonymous_6)","decl":{"start":{"line":46,"column":9},"end":{"line":46,"column":14}},"loc":{"start":{"line":46,"column":33},"end":{"line":55,"column":3}}},"7":{"name":"(anonymous_7)","decl":{"start":{"line":48,"column":26},"end":{"line":48,"column":28}},"loc":{"start":{"line":48,"column":31},"end":{"line":50,"column":5}}},"8":{"name":"(anonymous_8)","decl":{"start":{"line":51,"column":30},"end":{"line":51,"column":32}},"loc":{"start":{"line":51,"column":35},"end":{"line":53,"column":5}}},"9":{"name":"(anonymous_9)","decl":{"start":{"line":57,"column":9},"end":{"line":57,"column":21}},"loc":{"start":{"line":57,"column":40},"end":{"line":63,"column":3}}},"10":{"name":"(anonymous_10)","decl":{"start":{"line":59,"column":26},"end":{"line":59,"column":28}},"loc":{"start":{"line":59,"column":31},"end":{"line":61,"column":5}}},"11":{"name":"(anonymous_11)","decl":{"start":{"line":65,"column":9},"end":{"line":65,"column":19}},"loc":{"start":{"line":65,"column":38},"end":{"line":71,"column":3}}},"12":{"name":"(anonymous_12)","decl":{"start":{"line":67,"column":26},"end":{"line":67,"column":28}},"loc":{"start":{"line":67,"column":31},"end":{"line":69,"column":5}}},"13":{"name":"(anonymous_13)","decl":{"start":{"line":73,"column":9},"end":{"line":73,"column":15}},"loc":{"start":{"line":73,"column":34},"end":{"line":75,"column":3}}},"14":{"name":"(anonymous_14)","decl":{"start":{"line":74,"column":31},"end":{"line":74,"column":33}},"loc":{"start":{"line":74,"column":37},"end":{"line":74,"column":53}}}},"branchMap":{"0":{"loc":{"start":{"line":26,"column":4},"end":{"line":28,"column":null}},"type":"if","locations":[{"start":{"line":26,"column":4},"end":{"line":28,"column":null}},{"start":{"line":26,"column":4},"end":{"line":28,"column":null}}]},"1":{"loc":{"start":{"line":34,"column":4},"end":{"line":38,"column":null}},"type":"if","locations":[{"start":{"line":34,"column":4},"end":{"line":38,"column":null}},{"start":{"line":34,"column":4},"end":{"line":38,"column":null}}]},"2":{"loc":{"start":{"line":60,"column":6},"end":{"line":60,"column":null}},"type":"if","locations":[{"start":{"line":60,"column":6},"end":{"line":60,"column":null}},{"start":{"line":60,"column":6},"end":{"line":60,"column":null}}]},"3":{"loc":{"start":{"line":68,"column":6},"end":{"line":68,"column":null}},"type":"if","locations":[{"start":{"line":68,"column":6},"end":{"line":68,"column":null}},{"start":{"line":68,"column":6},"end":{"line":68,"column":null}}]}},"s":{"0":1,"1":0,"2":0,"3":0,"4":0,"5":0,"6":0,"7":0,"8":0,"9":0,"10":0,"11":0,"12":0,"13":0,"14":0,"15":0,"16":0,"17":0,"18":0,"19":0,"20":0,"21":0,"22":0,"23":0,"24":0,"25":0,"26":0,"27":0,"28":0,"29":0,"30":0,"31":0,"32":1},"f":{"0":1,"1":0,"2":0,"3":0,"4":0,"5":0,"6":0,"7":0,"8":0,"9":0,"10":0,"11":0,"12":0,"13":0,"14":0},"b":{"0":[0,0],"1":[0,0],"2":[0,0],"3":[0,0]}}
,"/home/ratnick/Projects/mow/data-structures/Stack/Stack.ts": {"path":"/home/ratnick/Projects/mow/data-structures/Stack/Stack.ts","statementMap":{"0":{"start":{"line":10,"column":10},"end":{"line":10,"column":null}},"1":{"start":{"line":13,"column":4},"end":{"line":13,"column":null}},"2":{"start":{"line":17,"column":4},"end":{"line":17,"column":null}},"3":{"start":{"line":21,"column":4},"end":{"line":21,"column":null}},"4":{"start":{"line":25,"column":4},"end":{"line":25,"column":null}},"5":{"start":{"line":29,"column":4},"end":{"line":29,"column":null}},"6":{"start":{"line":9,"column":0},"end":{"line":9,"column":13}}},"fnMap":{"0":{"name":"(anonymous_0)","decl":{"start":{"line":9,"column":0},"end":{"line":9,"column":13}},"loc":{"start":{"line":9,"column":0},"end":{"line":31,"column":1}}},"1":{"name":"(anonymous_1)","decl":{"start":{"line":12,"column":9},"end":{"line":12,"column":13}},"loc":{"start":{"line":12,"column":22},"end":{"line":14,"column":3}}},"2":{"name":"(anonymous_2)","decl":{"start":{"line":16,"column":9},"end":{"line":16,"column":12}},"loc":{"start":{"line":16,"column":12},"end":{"line":18,"column":3}}},"3":{"name":"(anonymous_3)","decl":{"start":{"line":20,"column":9},"end":{"line":20,"column":13}},"loc":{"start":{"line":20,"column":13},"end":{"line":22,"column":3}}},"4":{"name":"(anonymous_4)","decl":{"start":{"line":24,"column":9},"end":{"line":24,"column":13}},"loc":{"start":{"line":24,"column":13},"end":{"line":26,"column":3}}},"5":{"name":"(anonymous_5)","decl":{"start":{"line":28,"column":9},"end":{"line":28,"column":16}},"loc":{"start":{"line":28,"column":16},"end":{"line":30,"column":3}}}},"branchMap":{},"s":{"0":5,"1":9,"2":5,"3":8,"4":3,"5":3,"6":1},"f":{"0":5,"1":9,"2":5,"3":8,"4":3,"5":3},"b":{}}
}
